[debug] [2022-11-13T12:51:21.271Z] ----------------------------------------------------------------------
[debug] [2022-11-13T12:51:21.276Z] Command:       C:\Program Files\nodejs\node.exe C:\Users\yoseph\AppData\Roaming\npm\node_modules\firebase-tools\lib\bin\firebase.js emulators:start
[debug] [2022-11-13T12:51:21.277Z] CLI Version:   11.16.0
[debug] [2022-11-13T12:51:21.277Z] Platform:      win32
[debug] [2022-11-13T12:51:21.277Z] Node Version:  v16.17.0
[debug] [2022-11-13T12:51:21.279Z] Time:          Sun Nov 13 2022 18:21:21 GMT+0530 (India Standard Time)
[debug] [2022-11-13T12:51:21.280Z] ----------------------------------------------------------------------
[debug] 
[debug] [2022-11-13T12:51:21.484Z] > command requires scopes: ["email","openid","https://www.googleapis.com/auth/cloudplatformprojects.readonly","https://www.googleapis.com/auth/firebase","https://www.googleapis.com/auth/cloud-platform"]
[debug] [2022-11-13T12:51:21.485Z] > authorizing via signed-in user (yosephazmeraw@gmail.com)
[info] i  emulators: Starting emulators: functions {"metadata":{"emulator":{"name":"hub"},"message":"Starting emulators: functions"}}
[debug] [2022-11-13T12:51:21.512Z] [logging] Logging Emulator only supports listening on one address (127.0.0.1). Not listening on ::1
[debug] [2022-11-13T12:51:21.514Z] assigned listening specs for emulators {"user":{"hub":[{"address":"127.0.0.1","family":"IPv4","port":4400},{"address":"::1","family":"IPv6","port":4400}],"ui":[{"address":"127.0.0.1","family":"IPv4","port":4000},{"address":"::1","family":"IPv6","port":4000}],"logging":[{"address":"127.0.0.1","family":"IPv4","port":4500}]},"metadata":{"message":"assigned listening specs for emulators"}}
[debug] [2022-11-13T12:51:21.538Z] [hub] writing locator at C:\Users\yoseph\AppData\Local\Temp\hub-clone-8f24d.json
[debug] [2022-11-13T12:51:21.611Z] [functions] Functions Emulator only supports listening on one address (127.0.0.1). Not listening on ::1
[debug] [2022-11-13T12:51:21.611Z] [eventarc] Eventarc Emulator only supports listening on one address (127.0.0.1). Not listening on ::1
[debug] [2022-11-13T12:51:21.612Z] late-assigned ports for functions and eventarc emulators {"user":{"hub":[{"address":"127.0.0.1","family":"IPv4","port":4400},{"address":"::1","family":"IPv6","port":4400}],"ui":[{"address":"127.0.0.1","family":"IPv4","port":4000},{"address":"::1","family":"IPv6","port":4000}],"logging":[{"address":"127.0.0.1","family":"IPv4","port":4500}],"functions":[{"address":"127.0.0.1","family":"IPv4","port":5001}],"eventarc":[{"address":"127.0.0.1","family":"IPv4","port":9299}]},"metadata":{"message":"late-assigned ports for functions and eventarc emulators"}}
[warn] !  functions: The following emulators are not running, calls to these services from the Functions emulator will affect production: auth, firestore, database, hosting, pubsub, storage {"metadata":{"emulator":{"name":"functions"},"message":"The following emulators are not running, calls to these services from the Functions emulator will affect production: \u001b[1mauth, firestore, database, hosting, pubsub, storage\u001b[22m"}}
[info] +  functions: Using node@16 from host. {"metadata":{"emulator":{"name":"functions"},"message":"Using node@16 from host."}}
[debug] [2022-11-13T12:51:21.684Z] defaultcredentials: writing to file C:\Users\yoseph\AppData\Roaming\firebase\yosephazmeraw_gmail_com_application_default_credentials.json
[debug] [2022-11-13T12:51:21.705Z] Setting GAC to C:\Users\yoseph\AppData\Roaming\firebase\yosephazmeraw_gmail_com_application_default_credentials.json {"metadata":{"emulator":{"name":"functions"},"message":"Setting GAC to C:\\Users\\yoseph\\AppData\\Roaming\\firebase\\yosephazmeraw_gmail_com_application_default_credentials.json"}}
[debug] [2022-11-13T12:51:21.709Z] >>> [apiv2][query] GET https://firebase.googleapis.com/v1beta1/projects/clone-8f24d/adminSdkConfig [none]
[debug] [2022-11-13T12:51:22.386Z] <<< [apiv2][status] GET https://firebase.googleapis.com/v1beta1/projects/clone-8f24d/adminSdkConfig 200
[debug] [2022-11-13T12:51:22.387Z] <<< [apiv2][body] GET https://firebase.googleapis.com/v1beta1/projects/clone-8f24d/adminSdkConfig {"projectId":"clone-8f24d","storageBucket":"clone-8f24d.appspot.com"}
[debug] [2022-11-13T12:51:22.468Z] Ignoring unsupported arg: auto_download {"metadata":{"emulator":{"name":"ui"},"message":"Ignoring unsupported arg: auto_download"}}
[debug] [2022-11-13T12:51:22.468Z] Ignoring unsupported arg: port {"metadata":{"emulator":{"name":"ui"},"message":"Ignoring unsupported arg: port"}}
[debug] [2022-11-13T12:51:22.469Z] Starting Emulator UI with command {"binary":"node","args":["C:\\Users\\yoseph\\.cache\\firebase\\emulators\\ui-v1.11.1\\server\\server.js"],"optionalArgs":[],"joinArgs":false} {"metadata":{"emulator":{"name":"ui"},"message":"Starting Emulator UI with command {\"binary\":\"node\",\"args\":[\"C:\\\\Users\\\\yoseph\\\\.cache\\\\firebase\\\\emulators\\\\ui-v1.11.1\\\\server\\\\server.js\"],\"optionalArgs\":[],\"joinArgs\":false}"}}
[info] i  ui: Emulator UI logging to ui-debug.log {"metadata":{"emulator":{"name":"ui"},"message":"Emulator UI logging to \u001b[1mui-debug.log\u001b[22m"}}
[debug] [2022-11-13T12:51:22.824Z] Web / API server started at 127.0.0.1:4000
 {"metadata":{"emulator":{"name":"ui"},"message":"Web / API server started at 127.0.0.1:4000\n"}}
[debug] [2022-11-13T12:51:22.824Z] Web / API server started at ::1:4000
 {"metadata":{"emulator":{"name":"ui"},"message":"Web / API server started at ::1:4000\n"}}
[info] i  functions: Watching "C:\Users\yoseph\Desktop\Evangadi\phase3\projects\amazon\amazon-clon\functions" for Cloud Functions... {"metadata":{"emulator":{"name":"functions"},"message":"Watching \"C:\\Users\\yoseph\\Desktop\\Evangadi\\phase3\\projects\\amazon\\amazon-clon\\functions\" for Cloud Functions..."}}
[debug] [2022-11-13T12:51:23.039Z] Validating nodejs source
[debug] [2022-11-13T12:51:29.321Z] > [functions] package.json contents: {
  "name": "functions",
  "description": "Cloud Functions for Firebase",
  "scripts": {
    "lint": "eslint .",
    "serve": "firebase emulators:start --only functions",
    "shell": "firebase functions:shell",
    "start": "npm run shell",
    "deploy": "firebase deploy --only functions",
    "logs": "firebase functions:log"
  },
  "engines": {
    "node": "16"
  },
  "main": "index.js",
  "dependencies": {
    "cors": "^2.8.5",
    "express": "^4.18.2",
    "firebase-admin": "^10.0.2",
    "firebase-functions": "^4.0.2",
    "stripe": "^10.15.0"
  },
  "devDependencies": {
    "eslint": "^8.9.0",
    "eslint-config-google": "^0.14.0",
    "firebase-functions-test": "^0.2.0"
  },
  "private": true
}
[debug] [2022-11-13T12:51:29.321Z] Building nodejs source
[debug] [2022-11-13T12:51:29.322Z] Analyzing nodejs backend spec
[debug] [2022-11-13T12:51:29.325Z] Could not find functions.yaml. Must use http discovery
[debug] [2022-11-13T12:51:29.935Z] Serving at port 9005

[debug] [2022-11-13T12:51:30.834Z] Got response from /__/functions.yaml {"endpoints":{"api":{"platform":"gcfv1","availableMemoryMb":null,"timeoutSeconds":null,"minInstances":null,"maxInstances":null,"ingressSettings":null,"serviceAccountEmail":null,"vpc":null,"httpsTrigger":{},"entryPoint":"api"}},"specVersion":"v1alpha1","requiredAPIs":[]}
[debug] [2022-11-13T12:51:30.849Z] shutdown requested via /__/quitquitquit

[info] +  functions: Loaded functions definitions from source: api. {"metadata":{"emulator":{"name":"functions"},"message":"Loaded functions definitions from source: api."}}
[info] +  functions[us-central1-api]: http function initialized (http://127.0.0.1:5001/clone-8f24d/us-central1/api). {"metadata":{"emulator":{"name":"functions"},"message":"\u001b[1mhttp\u001b[22m function initialized (http://127.0.0.1:5001/clone-8f24d/us-central1/api)."}}
[info] 
┌─────────────────────────────────────────────────────────────┐
│ ✔  All emulators ready! It is now safe to connect your app. │
│ i  View Emulator UI at http://127.0.0.1:4000/               │
└─────────────────────────────────────────────────────────────┘

┌───────────┬────────────────┬─────────────────────────────────┐
│ Emulator  │ Host:Port      │ View in Emulator UI             │
├───────────┼────────────────┼─────────────────────────────────┤
│ Functions │ 127.0.0.1:5001 │ http://127.0.0.1:4000/functions │
└───────────┴────────────────┴─────────────────────────────────┘
  Emulator Hub running at 127.0.0.1:4400
  Other reserved ports: 4500

Issues? Report them at https://github.com/firebase/firebase-tools/issues and attach the *-debug.log files.
 
[debug] [2022-11-13T12:52:09.228Z] [work-queue] {"queueLength":1,"workRunningCount":0}
[debug] [2022-11-13T12:52:09.237Z] [work-queue] {"queueLength":0,"workRunningCount":1}
[debug] [2022-11-13T12:52:09.240Z] Accepted request POST /clone-8f24d/us-central1/api/payments/create?total=13899 --> us-central1-api
[debug] [2022-11-13T12:52:09.252Z] [functions] Runtime ready! Sending request! {"metadata":{"emulator":{"name":"functions"},"message":"[functions] Runtime ready! Sending request!"}}
[debug] [2022-11-13T12:52:09.254Z] [functions] Got req.url=/clone-8f24d/us-central1/api/payments/create?total=13899, mapping to path=/payments/create?total=13899 {"metadata":{"emulator":{"name":"functions"},"message":"[functions] Got req.url=/clone-8f24d/us-central1/api/payments/create?total=13899, mapping to path=/payments/create?total=13899"}}
[debug] [2022-11-13T12:52:09.290Z] [worker-pool] addWorker(us-central1-api) {"metadata":{"emulator":{"name":"functions"},"message":"[worker-pool] addWorker(us-central1-api)"}}
[debug] [2022-11-13T12:52:09.292Z] [worker-pool] Adding worker with key us-central1-api, total=1 {"metadata":{"emulator":{"name":"functions"},"message":"[worker-pool] Adding worker with key us-central1-api, total=1"}}
[debug] [2022-11-13T12:52:09.302Z] [work-queue] {"queueLength":1,"workRunningCount":1}
[debug] [2022-11-13T12:52:09.303Z] [work-queue] {"queueLength":0,"workRunningCount":2}
[debug] [2022-11-13T12:52:09.303Z] Accepted request POST /clone-8f24d/us-central1/api/payments/create?total=13899 --> us-central1-api
[debug] [2022-11-13T12:52:09.314Z] [functions] Runtime ready! Sending request! {"metadata":{"emulator":{"name":"functions"},"message":"[functions] Runtime ready! Sending request!"}}
[debug] [2022-11-13T12:52:09.315Z] [functions] Got req.url=/clone-8f24d/us-central1/api/payments/create?total=13899, mapping to path=/payments/create?total=13899 {"metadata":{"emulator":{"name":"functions"},"message":"[functions] Got req.url=/clone-8f24d/us-central1/api/payments/create?total=13899, mapping to path=/payments/create?total=13899"}}
[debug] [2022-11-13T12:52:09.338Z] [worker-pool] addWorker(us-central1-api) {"metadata":{"emulator":{"name":"functions"},"message":"[worker-pool] addWorker(us-central1-api)"}}
[debug] [2022-11-13T12:52:09.339Z] [worker-pool] Adding worker with key us-central1-api, total=2 {"metadata":{"emulator":{"name":"functions"},"message":"[worker-pool] Adding worker with key us-central1-api, total=2"}}
[debug] [2022-11-13T12:52:13.375Z] [runtime-status] [3896] Resolved module firebase-admin {"declared":true,"installed":true,"version":"10.3.0","resolution":"C:\\Users\\yoseph\\Desktop\\Evangadi\\phase3\\projects\\amazon\\amazon-clon\\functions\\node_modules\\firebase-admin\\lib\\index.js"} {"metadata":{"emulator":{"name":"functions"},"function":{"name":"us-central1-api"},"extension":{},"message":"[runtime-status] [3896] Resolved module firebase-admin {\"declared\":true,\"installed\":true,\"version\":\"10.3.0\",\"resolution\":\"C:\\\\Users\\\\yoseph\\\\Desktop\\\\Evangadi\\\\phase3\\\\projects\\\\amazon\\\\amazon-clon\\\\functions\\\\node_modules\\\\firebase-admin\\\\lib\\\\index.js\"}"}}
[debug] [2022-11-13T12:52:13.376Z] [runtime-status] [12036] Resolved module firebase-admin {"declared":true,"installed":true,"version":"10.3.0","resolution":"C:\\Users\\yoseph\\Desktop\\Evangadi\\phase3\\projects\\amazon\\amazon-clon\\functions\\node_modules\\firebase-admin\\lib\\index.js"} {"metadata":{"emulator":{"name":"functions"},"function":{"name":"us-central1-api"},"extension":{},"message":"[runtime-status] [12036] Resolved module firebase-admin {\"declared\":true,\"installed\":true,\"version\":\"10.3.0\",\"resolution\":\"C:\\\\Users\\\\yoseph\\\\Desktop\\\\Evangadi\\\\phase3\\\\projects\\\\amazon\\\\amazon-clon\\\\functions\\\\node_modules\\\\firebase-admin\\\\lib\\\\index.js\"}"}}
[debug] [2022-11-13T12:52:13.381Z] [runtime-status] [3896] Resolved module firebase-functions {"declared":true,"installed":true,"version":"4.0.2","resolution":"C:\\Users\\yoseph\\Desktop\\Evangadi\\phase3\\projects\\amazon\\amazon-clon\\functions\\node_modules\\firebase-functions\\lib\\v1\\index.js"} {"metadata":{"emulator":{"name":"functions"},"function":{"name":"us-central1-api"},"extension":{},"message":"[runtime-status] [3896] Resolved module firebase-functions {\"declared\":true,\"installed\":true,\"version\":\"4.0.2\",\"resolution\":\"C:\\\\Users\\\\yoseph\\\\Desktop\\\\Evangadi\\\\phase3\\\\projects\\\\amazon\\\\amazon-clon\\\\functions\\\\node_modules\\\\firebase-functions\\\\lib\\\\v1\\\\index.js\"}"}}
[debug] [2022-11-13T12:52:13.382Z] [runtime-status] [3896] Outgoing network have been stubbed. [{"name":"http","status":"mocked"},{"name":"http","status":"mocked"},{"name":"https","status":"mocked"},{"name":"https","status":"mocked"},{"name":"net","status":"mocked"}] {"metadata":{"emulator":{"name":"functions"},"function":{"name":"us-central1-api"},"extension":{},"message":"[runtime-status] [3896] Outgoing network have been stubbed. [{\"name\":\"http\",\"status\":\"mocked\"},{\"name\":\"http\",\"status\":\"mocked\"},{\"name\":\"https\",\"status\":\"mocked\"},{\"name\":\"https\",\"status\":\"mocked\"},{\"name\":\"net\",\"status\":\"mocked\"}]"}}
[debug] [2022-11-13T12:52:13.384Z] [runtime-status] [3896] Resolved module firebase-functions {"declared":true,"installed":true,"version":"4.0.2","resolution":"C:\\Users\\yoseph\\Desktop\\Evangadi\\phase3\\projects\\amazon\\amazon-clon\\functions\\node_modules\\firebase-functions\\lib\\v1\\index.js"} {"metadata":{"emulator":{"name":"functions"},"function":{"name":"us-central1-api"},"extension":{},"message":"[runtime-status] [3896] Resolved module firebase-functions {\"declared\":true,\"installed\":true,\"version\":\"4.0.2\",\"resolution\":\"C:\\\\Users\\\\yoseph\\\\Desktop\\\\Evangadi\\\\phase3\\\\projects\\\\amazon\\\\amazon-clon\\\\functions\\\\node_modules\\\\firebase-functions\\\\lib\\\\v1\\\\index.js\"}"}}
[debug] [2022-11-13T12:52:13.385Z] [runtime-status] [12036] Resolved module firebase-functions {"declared":true,"installed":true,"version":"4.0.2","resolution":"C:\\Users\\yoseph\\Desktop\\Evangadi\\phase3\\projects\\amazon\\amazon-clon\\functions\\node_modules\\firebase-functions\\lib\\v1\\index.js"} {"metadata":{"emulator":{"name":"functions"},"function":{"name":"us-central1-api"},"extension":{},"message":"[runtime-status] [12036] Resolved module firebase-functions {\"declared\":true,\"installed\":true,\"version\":\"4.0.2\",\"resolution\":\"C:\\\\Users\\\\yoseph\\\\Desktop\\\\Evangadi\\\\phase3\\\\projects\\\\amazon\\\\amazon-clon\\\\functions\\\\node_modules\\\\firebase-functions\\\\lib\\\\v1\\\\index.js\"}"}}
[debug] [2022-11-13T12:52:13.386Z] [runtime-status] [12036] Outgoing network have been stubbed. [{"name":"http","status":"mocked"},{"name":"http","status":"mocked"},{"name":"https","status":"mocked"},{"name":"https","status":"mocked"},{"name":"net","status":"mocked"}] {"metadata":{"emulator":{"name":"functions"},"function":{"name":"us-central1-api"},"extension":{},"message":"[runtime-status] [12036] Outgoing network have been stubbed. [{\"name\":\"http\",\"status\":\"mocked\"},{\"name\":\"http\",\"status\":\"mocked\"},{\"name\":\"https\",\"status\":\"mocked\"},{\"name\":\"https\",\"status\":\"mocked\"},{\"name\":\"net\",\"status\":\"mocked\"}]"}}
[debug] [2022-11-13T12:52:13.391Z] [runtime-status] [12036] Resolved module firebase-functions {"declared":true,"installed":true,"version":"4.0.2","resolution":"C:\\Users\\yoseph\\Desktop\\Evangadi\\phase3\\projects\\amazon\\amazon-clon\\functions\\node_modules\\firebase-functions\\lib\\v1\\index.js"} {"metadata":{"emulator":{"name":"functions"},"function":{"name":"us-central1-api"},"extension":{},"message":"[runtime-status] [12036] Resolved module firebase-functions {\"declared\":true,\"installed\":true,\"version\":\"4.0.2\",\"resolution\":\"C:\\\\Users\\\\yoseph\\\\Desktop\\\\Evangadi\\\\phase3\\\\projects\\\\amazon\\\\amazon-clon\\\\functions\\\\node_modules\\\\firebase-functions\\\\lib\\\\v1\\\\index.js\"}"}}
[debug] [2022-11-13T12:52:13.979Z] [runtime-status] [3896] Checked functions.config() {"config":{}} {"metadata":{"emulator":{"name":"functions"},"function":{"name":"us-central1-api"},"extension":{},"message":"[runtime-status] [3896] Checked functions.config() {\"config\":{}}"}}
[debug] [2022-11-13T12:52:13.981Z] [runtime-status] [3896] firebase-functions has been stubbed. {"functionsResolution":{"declared":true,"installed":true,"version":"4.0.2","resolution":"C:\\Users\\yoseph\\Desktop\\Evangadi\\phase3\\projects\\amazon\\amazon-clon\\functions\\node_modules\\firebase-functions\\lib\\v1\\index.js"}} {"metadata":{"emulator":{"name":"functions"},"function":{"name":"us-central1-api"},"extension":{},"message":"[runtime-status] [3896] firebase-functions has been stubbed. {\"functionsResolution\":{\"declared\":true,\"installed\":true,\"version\":\"4.0.2\",\"resolution\":\"C:\\\\Users\\\\yoseph\\\\Desktop\\\\Evangadi\\\\phase3\\\\projects\\\\amazon\\\\amazon-clon\\\\functions\\\\node_modules\\\\firebase-functions\\\\lib\\\\v1\\\\index.js\"}}"}}
[debug] [2022-11-13T12:52:13.983Z] [runtime-status] [3896] Resolved module firebase-functions {"declared":true,"installed":true,"version":"4.0.2","resolution":"C:\\Users\\yoseph\\Desktop\\Evangadi\\phase3\\projects\\amazon\\amazon-clon\\functions\\node_modules\\firebase-functions\\lib\\v1\\index.js"} {"metadata":{"emulator":{"name":"functions"},"function":{"name":"us-central1-api"},"extension":{},"message":"[runtime-status] [3896] Resolved module firebase-functions {\"declared\":true,\"installed\":true,\"version\":\"4.0.2\",\"resolution\":\"C:\\\\Users\\\\yoseph\\\\Desktop\\\\Evangadi\\\\phase3\\\\projects\\\\amazon\\\\amazon-clon\\\\functions\\\\node_modules\\\\firebase-functions\\\\lib\\\\v1\\\\index.js\"}"}}
[debug] [2022-11-13T12:52:13.984Z] [runtime-status] [12036] Checked functions.config() {"config":{}} {"metadata":{"emulator":{"name":"functions"},"function":{"name":"us-central1-api"},"extension":{},"message":"[runtime-status] [12036] Checked functions.config() {\"config\":{}}"}}
[debug] [2022-11-13T12:52:13.985Z] [runtime-status] [12036] firebase-functions has been stubbed. {"functionsResolution":{"declared":true,"installed":true,"version":"4.0.2","resolution":"C:\\Users\\yoseph\\Desktop\\Evangadi\\phase3\\projects\\amazon\\amazon-clon\\functions\\node_modules\\firebase-functions\\lib\\v1\\index.js"}} {"metadata":{"emulator":{"name":"functions"},"function":{"name":"us-central1-api"},"extension":{},"message":"[runtime-status] [12036] firebase-functions has been stubbed. {\"functionsResolution\":{\"declared\":true,\"installed\":true,\"version\":\"4.0.2\",\"resolution\":\"C:\\\\Users\\\\yoseph\\\\Desktop\\\\Evangadi\\\\phase3\\\\projects\\\\amazon\\\\amazon-clon\\\\functions\\\\node_modules\\\\firebase-functions\\\\lib\\\\v1\\\\index.js\"}}"}}
[debug] [2022-11-13T12:52:13.986Z] [runtime-status] [3896] Resolved module firebase-admin {"declared":true,"installed":true,"version":"10.3.0","resolution":"C:\\Users\\yoseph\\Desktop\\Evangadi\\phase3\\projects\\amazon\\amazon-clon\\functions\\node_modules\\firebase-admin\\lib\\index.js"} {"metadata":{"emulator":{"name":"functions"},"function":{"name":"us-central1-api"},"extension":{},"message":"[runtime-status] [3896] Resolved module firebase-admin {\"declared\":true,\"installed\":true,\"version\":\"10.3.0\",\"resolution\":\"C:\\\\Users\\\\yoseph\\\\Desktop\\\\Evangadi\\\\phase3\\\\projects\\\\amazon\\\\amazon-clon\\\\functions\\\\node_modules\\\\firebase-admin\\\\lib\\\\index.js\"}"}}
[debug] [2022-11-13T12:52:13.987Z] [runtime-status] [12036] Resolved module firebase-functions {"declared":true,"installed":true,"version":"4.0.2","resolution":"C:\\Users\\yoseph\\Desktop\\Evangadi\\phase3\\projects\\amazon\\amazon-clon\\functions\\node_modules\\firebase-functions\\lib\\v1\\index.js"} {"metadata":{"emulator":{"name":"functions"},"function":{"name":"us-central1-api"},"extension":{},"message":"[runtime-status] [12036] Resolved module firebase-functions {\"declared\":true,\"installed\":true,\"version\":\"4.0.2\",\"resolution\":\"C:\\\\Users\\\\yoseph\\\\Desktop\\\\Evangadi\\\\phase3\\\\projects\\\\amazon\\\\amazon-clon\\\\functions\\\\node_modules\\\\firebase-functions\\\\lib\\\\v1\\\\index.js\"}"}}
[debug] [2022-11-13T12:52:13.991Z] [runtime-status] [12036] Resolved module firebase-admin {"declared":true,"installed":true,"version":"10.3.0","resolution":"C:\\Users\\yoseph\\Desktop\\Evangadi\\phase3\\projects\\amazon\\amazon-clon\\functions\\node_modules\\firebase-admin\\lib\\index.js"} {"metadata":{"emulator":{"name":"functions"},"function":{"name":"us-central1-api"},"extension":{},"message":"[runtime-status] [12036] Resolved module firebase-admin {\"declared\":true,\"installed\":true,\"version\":\"10.3.0\",\"resolution\":\"C:\\\\Users\\\\yoseph\\\\Desktop\\\\Evangadi\\\\phase3\\\\projects\\\\amazon\\\\amazon-clon\\\\functions\\\\node_modules\\\\firebase-admin\\\\lib\\\\index.js\"}"}}
[debug] [2022-11-13T12:52:13.994Z] [runtime-status] [3896] Resolved module firebase-functions {"declared":true,"installed":true,"version":"4.0.2","resolution":"C:\\Users\\yoseph\\Desktop\\Evangadi\\phase3\\projects\\amazon\\amazon-clon\\functions\\node_modules\\firebase-functions\\lib\\v1\\index.js"} {"metadata":{"emulator":{"name":"functions"},"function":{"name":"us-central1-api"},"extension":{},"message":"[runtime-status] [3896] Resolved module firebase-functions {\"declared\":true,\"installed\":true,\"version\":\"4.0.2\",\"resolution\":\"C:\\\\Users\\\\yoseph\\\\Desktop\\\\Evangadi\\\\phase3\\\\projects\\\\amazon\\\\amazon-clon\\\\functions\\\\node_modules\\\\firebase-functions\\\\lib\\\\v1\\\\index.js\"}"}}
[debug] [2022-11-13T12:52:13.995Z] [runtime-status] [3896] firebase-admin has been stubbed. {"adminResolution":{"declared":true,"installed":true,"version":"10.3.0","resolution":"C:\\Users\\yoseph\\Desktop\\Evangadi\\phase3\\projects\\amazon\\amazon-clon\\functions\\node_modules\\firebase-admin\\lib\\index.js"}} {"metadata":{"emulator":{"name":"functions"},"function":{"name":"us-central1-api"},"extension":{},"message":"[runtime-status] [3896] firebase-admin has been stubbed. {\"adminResolution\":{\"declared\":true,\"installed\":true,\"version\":\"10.3.0\",\"resolution\":\"C:\\\\Users\\\\yoseph\\\\Desktop\\\\Evangadi\\\\phase3\\\\projects\\\\amazon\\\\amazon-clon\\\\functions\\\\node_modules\\\\firebase-admin\\\\lib\\\\index.js\"}}"}}
[debug] [2022-11-13T12:52:13.997Z] [runtime-status] [12036] Resolved module firebase-functions {"declared":true,"installed":true,"version":"4.0.2","resolution":"C:\\Users\\yoseph\\Desktop\\Evangadi\\phase3\\projects\\amazon\\amazon-clon\\functions\\node_modules\\firebase-functions\\lib\\v1\\index.js"} {"metadata":{"emulator":{"name":"functions"},"function":{"name":"us-central1-api"},"extension":{},"message":"[runtime-status] [12036] Resolved module firebase-functions {\"declared\":true,\"installed\":true,\"version\":\"4.0.2\",\"resolution\":\"C:\\\\Users\\\\yoseph\\\\Desktop\\\\Evangadi\\\\phase3\\\\projects\\\\amazon\\\\amazon-clon\\\\functions\\\\node_modules\\\\firebase-functions\\\\lib\\\\v1\\\\index.js\"}"}}
[debug] [2022-11-13T12:52:13.998Z] [runtime-status] [12036] firebase-admin has been stubbed. {"adminResolution":{"declared":true,"installed":true,"version":"10.3.0","resolution":"C:\\Users\\yoseph\\Desktop\\Evangadi\\phase3\\projects\\amazon\\amazon-clon\\functions\\node_modules\\firebase-admin\\lib\\index.js"}} {"metadata":{"emulator":{"name":"functions"},"function":{"name":"us-central1-api"},"extension":{},"message":"[runtime-status] [12036] firebase-admin has been stubbed. {\"adminResolution\":{\"declared\":true,\"installed\":true,\"version\":\"10.3.0\",\"resolution\":\"C:\\\\Users\\\\yoseph\\\\Desktop\\\\Evangadi\\\\phase3\\\\projects\\\\amazon\\\\amazon-clon\\\\functions\\\\node_modules\\\\firebase-admin\\\\lib\\\\index.js\"}}"}}
[debug] [2022-11-13T12:52:14.492Z] [runtime-status] [3896] Functions runtime initialized. {"cwd":"C:\\Users\\yoseph\\Desktop\\Evangadi\\phase3\\projects\\amazon\\amazon-clon\\functions","node_version":"16.17.0"} {"metadata":{"emulator":{"name":"functions"},"function":{"name":"us-central1-api"},"extension":{},"message":"[runtime-status] [3896] Functions runtime initialized. {\"cwd\":\"C:\\\\Users\\\\yoseph\\\\Desktop\\\\Evangadi\\\\phase3\\\\projects\\\\amazon\\\\amazon-clon\\\\functions\",\"node_version\":\"16.17.0\"}"}}
[debug] [2022-11-13T12:52:14.493Z] [runtime-status] [3896] Listening to port: \\?\pipe\fire_emu_44fd94d1eec84e1a {"metadata":{"emulator":{"name":"functions"},"function":{"name":"us-central1-api"},"extension":{},"message":"[runtime-status] [3896] Listening to port: \\\\?\\pipe\\fire_emu_44fd94d1eec84e1a"}}
[debug] [2022-11-13T12:52:14.506Z] [runtime-status] [12036] Functions runtime initialized. {"cwd":"C:\\Users\\yoseph\\Desktop\\Evangadi\\phase3\\projects\\amazon\\amazon-clon\\functions","node_version":"16.17.0"} {"metadata":{"emulator":{"name":"functions"},"function":{"name":"us-central1-api"},"extension":{},"message":"[runtime-status] [12036] Functions runtime initialized. {\"cwd\":\"C:\\\\Users\\\\yoseph\\\\Desktop\\\\Evangadi\\\\phase3\\\\projects\\\\amazon\\\\amazon-clon\\\\functions\",\"node_version\":\"16.17.0\"}"}}
[debug] [2022-11-13T12:52:14.506Z] [runtime-status] [12036] Listening to port: \\?\pipe\fire_emu_b2953a87591ef2fb {"metadata":{"emulator":{"name":"functions"},"function":{"name":"us-central1-api"},"extension":{},"message":"[runtime-status] [12036] Listening to port: \\\\?\\pipe\\fire_emu_b2953a87591ef2fb"}}
[debug] [2022-11-13T12:52:14.551Z] [worker-us-central1-api-c937d5fb-8dcb-4671-b753-e5f176ea90c0]: IDLE {"metadata":{"emulator":{"name":"functions"},"message":"[worker-us-central1-api-c937d5fb-8dcb-4671-b753-e5f176ea90c0]: IDLE"}}
[debug] [2022-11-13T12:52:14.552Z] [worker-pool] submitRequest(triggerId=us-central1-api) {"metadata":{"emulator":{"name":"functions"},"message":"[worker-pool] submitRequest(triggerId=us-central1-api)"}}
[debug] [2022-11-13T12:52:14.552Z] [worker-us-central1-api-c937d5fb-8dcb-4671-b753-e5f176ea90c0]: BUSY {"metadata":{"emulator":{"name":"functions"},"message":"[worker-us-central1-api-c937d5fb-8dcb-4671-b753-e5f176ea90c0]: BUSY"}}
[info] i  functions: Beginning execution of "api" {"metadata":{"emulator":{"name":"functions"},"function":{"name":"us-central1-api"},"extension":{},"message":"Beginning execution of \"api\""}}
[info] >  Payment request recieved for this amount 13899 {"user":"Payment request recieved for this amount 13899","metadata":{"emulator":{"name":"functions"},"function":{"name":"us-central1-api"},"extension":{},"message":"\u001b[90m> \u001b[39m Payment request recieved for this amount 13899"}}
[debug] [2022-11-13T12:52:14.587Z] [worker-us-central1-api-5b1cb83d-aeed-4047-9827-4f793ecc0ac8]: IDLE {"metadata":{"emulator":{"name":"functions"},"message":"[worker-us-central1-api-5b1cb83d-aeed-4047-9827-4f793ecc0ac8]: IDLE"}}
[debug] [2022-11-13T12:52:14.587Z] [worker-pool] submitRequest(triggerId=us-central1-api) {"metadata":{"emulator":{"name":"functions"},"message":"[worker-pool] submitRequest(triggerId=us-central1-api)"}}
[debug] [2022-11-13T12:52:14.588Z] [worker-us-central1-api-5b1cb83d-aeed-4047-9827-4f793ecc0ac8]: BUSY {"metadata":{"emulator":{"name":"functions"},"message":"[worker-us-central1-api-5b1cb83d-aeed-4047-9827-4f793ecc0ac8]: BUSY"}}
[info] i  functions: Beginning execution of "api" {"metadata":{"emulator":{"name":"functions"},"function":{"name":"us-central1-api"},"extension":{},"message":"Beginning execution of \"api\""}}
[info] >  Payment request recieved for this amount 13899 {"user":"Payment request recieved for this amount 13899","metadata":{"emulator":{"name":"functions"},"function":{"name":"us-central1-api"},"extension":{},"message":"\u001b[90m> \u001b[39m Payment request recieved for this amount 13899"}}
[debug] [2022-11-13T12:52:15.211Z] [worker-us-central1-api-5b1cb83d-aeed-4047-9827-4f793ecc0ac8]: IDLE {"metadata":{"emulator":{"name":"functions"},"message":"[worker-us-central1-api-5b1cb83d-aeed-4047-9827-4f793ecc0ac8]: IDLE"}}
[debug] [2022-11-13T12:52:15.212Z] [work-queue] {"queueLength":0,"workRunningCount":1}
[info] i  functions: Finished "api" in 608.5937ms {"metadata":{"emulator":{"name":"functions"},"function":{"name":"us-central1-api"},"extension":{},"message":"Finished \"api\" in 608.5937ms"}}
[debug] [2022-11-13T12:52:15.225Z] [worker-us-central1-api-c937d5fb-8dcb-4671-b753-e5f176ea90c0]: IDLE {"metadata":{"emulator":{"name":"functions"},"message":"[worker-us-central1-api-c937d5fb-8dcb-4671-b753-e5f176ea90c0]: IDLE"}}
[debug] [2022-11-13T12:52:15.226Z] [work-queue] {"queueLength":0,"workRunningCount":0}
[info] i  functions: Finished "api" in 659.9538ms {"metadata":{"emulator":{"name":"functions"},"function":{"name":"us-central1-api"},"extension":{},"message":"Finished \"api\" in 659.9538ms"}}
[debug] [2022-11-13T12:58:19.701Z] File C:\Users\yoseph\Desktop\Evangadi\phase3\projects\amazon\amazon-clon\functions\index.js changed, reloading triggers {"metadata":{"emulator":{"name":"functions"},"message":"File C:\\Users\\yoseph\\Desktop\\Evangadi\\phase3\\projects\\amazon\\amazon-clon\\functions\\index.js changed, reloading triggers"}}
[debug] [2022-11-13T12:58:20.708Z] Validating nodejs source
[debug] [2022-11-13T12:58:28.969Z] > [functions] package.json contents: {
  "name": "functions",
  "description": "Cloud Functions for Firebase",
  "scripts": {
    "lint": "eslint .",
    "serve": "firebase emulators:start --only functions",
    "shell": "firebase functions:shell",
    "start": "npm run shell",
    "deploy": "firebase deploy --only functions",
    "logs": "firebase functions:log"
  },
  "engines": {
    "node": "16"
  },
  "main": "index.js",
  "dependencies": {
    "cors": "^2.8.5",
    "express": "^4.18.2",
    "firebase-admin": "^10.0.2",
    "firebase-functions": "^4.0.2",
    "stripe": "^10.15.0"
  },
  "devDependencies": {
    "eslint": "^8.9.0",
    "eslint-config-google": "^0.14.0",
    "firebase-functions-test": "^0.2.0"
  },
  "private": true
}
[debug] [2022-11-13T12:58:28.970Z] Building nodejs source
[debug] [2022-11-13T12:58:28.970Z] Analyzing nodejs backend spec
[debug] [2022-11-13T12:58:28.971Z] Could not find functions.yaml. Must use http discovery
[debug] [2022-11-13T12:58:29.689Z] Serving at port 9005

[debug] [2022-11-13T12:58:30.688Z] Got response from /__/functions.yaml {"endpoints":{"api":{"platform":"gcfv1","availableMemoryMb":null,"timeoutSeconds":null,"minInstances":null,"maxInstances":null,"ingressSettings":null,"serviceAccountEmail":null,"vpc":null,"httpsTrigger":{},"entryPoint":"api"}},"specVersion":"v1alpha1","requiredAPIs":[]}
[debug] [2022-11-13T12:58:30.698Z] shutdown requested via /__/quitquitquit

[info] +  functions: Loaded functions definitions from source: api. {"metadata":{"emulator":{"name":"functions"},"message":"Loaded functions definitions from source: api."}}
[debug] [2022-11-13T12:58:30.724Z] [worker-pool] Shutting down IDLE worker (us-central1-api) {"metadata":{"emulator":{"name":"functions"},"message":"[worker-pool] Shutting down IDLE worker (us-central1-api)"}}
[debug] [2022-11-13T12:58:30.724Z] [worker-us-central1-api-c937d5fb-8dcb-4671-b753-e5f176ea90c0]: FINISHING {"metadata":{"emulator":{"name":"functions"},"message":"[worker-us-central1-api-c937d5fb-8dcb-4671-b753-e5f176ea90c0]: FINISHING"}}
[debug] [2022-11-13T12:58:30.725Z] [worker-pool] Shutting down IDLE worker (us-central1-api) {"metadata":{"emulator":{"name":"functions"},"message":"[worker-pool] Shutting down IDLE worker (us-central1-api)"}}
[debug] [2022-11-13T12:58:30.725Z] [worker-us-central1-api-5b1cb83d-aeed-4047-9827-4f793ecc0ac8]: FINISHING {"metadata":{"emulator":{"name":"functions"},"message":"[worker-us-central1-api-5b1cb83d-aeed-4047-9827-4f793ecc0ac8]: FINISHING"}}
[debug] [2022-11-13T12:58:30.744Z] [worker-us-central1-api-5b1cb83d-aeed-4047-9827-4f793ecc0ac8]: exited {"metadata":{"emulator":{"name":"functions"},"message":"[worker-us-central1-api-5b1cb83d-aeed-4047-9827-4f793ecc0ac8]: exited"}}
[debug] [2022-11-13T12:58:30.745Z] [worker-us-central1-api-5b1cb83d-aeed-4047-9827-4f793ecc0ac8]: FINISHED {"metadata":{"emulator":{"name":"functions"},"message":"[worker-us-central1-api-5b1cb83d-aeed-4047-9827-4f793ecc0ac8]: FINISHED"}}
[debug] [2022-11-13T12:58:30.747Z] [worker-us-central1-api-c937d5fb-8dcb-4671-b753-e5f176ea90c0]: exited {"metadata":{"emulator":{"name":"functions"},"message":"[worker-us-central1-api-c937d5fb-8dcb-4671-b753-e5f176ea90c0]: exited"}}
[debug] [2022-11-13T12:58:30.748Z] [worker-us-central1-api-c937d5fb-8dcb-4671-b753-e5f176ea90c0]: FINISHED {"metadata":{"emulator":{"name":"functions"},"message":"[worker-us-central1-api-c937d5fb-8dcb-4671-b753-e5f176ea90c0]: FINISHED"}}
